performance_GET_materialist_average
SyntaxError: Unexpected token ]
    at Module._compile (module.js:439:25)
    at Module.module.constructor._compile (D:\aagusc\fe_env\vendor\nodejs\node_modules\mockservice\node_modules\beef\src\define.js:11:25)
    at Object.Module._extensions..js (module.js:474:10)
    at Module.load (module.js:356:32)
    at Function.Module._load (module.js:312:12)
    at Module.require (module.js:364:17)
    at require (module.js:380:17)
    at Object.exports.getResponse (D:\aagusc\fe_env\vendor\nodejs\node_modules\mockservice\src\router.js:30:19)
    at Object.exports.getResult (D:\aagusc\fe_env\vendor\nodejs\node_modules\mockservice\src\core.js:183:23)
    at Object.exports.serve (D:\aagusc\fe_env\vendor\nodejs\node_modules\mockservice\src\core.js:238:26)
    at Array.0 (D:\aagusc\fe_env\vendor\nodejs\node_modules\mockservice\src\edp-extension.js:16:12)
    at nextHandler (C:\Users\gushouchuang\AppData\Roaming\npm\node_modules\edp-webserver\lib\handler.js:68:34)performance_GET_materialist_average
SyntaxError: Unexpected token ]
    at Module._compile (module.js:439:25)
    at Module.module.constructor._compile (D:\aagusc\fe_env\vendor\nodejs\node_modules\mockservice\node_modules\beef\src\define.js:11:25)
    at Object.Module._extensions..js (module.js:474:10)
    at Module.load (module.js:356:32)
    at Function.Module._load (module.js:312:12)
    at Module.require (module.js:364:17)
    at require (module.js:380:17)
    at Object.exports.getResponse (D:\aagusc\fe_env\vendor\nodejs\node_modules\mockservice\src\router.js:30:19)
    at Object.exports.getResult (D:\aagusc\fe_env\vendor\nodejs\node_modules\mockservice\src\core.js:183:23)
    at Object.exports.serve (D:\aagusc\fe_env\vendor\nodejs\node_modules\mockservice\src\core.js:238:26)
    at Array.0 (D:\aagusc\fe_env\vendor\nodejs\node_modules\mockservice\src\edp-extension.js:16:12)performance_GET_materialist_average
SyntaxError: Unexpected token ]
    at Module._compile (module.js:439:25)
    at Module.module.constructor._compile (D:\aagusc\fe_env\vendor\nodejs\node_modules\mockservice\node_modules\beef\src\define.js:11:25)
    at Object.Module._extensions..js (module.js:474:10)
    at Module.load (module.js:356:32)
    at Function.Module._load (module.js:312:12)
    at Module.require (module.js:364:17)
    at require (module.js:380:17)
    at Object.exports.getResponse (D:\aagusc\fe_env\vendor\nodejs\node_modules\mockservice\src\router.js:30:19)
    at Object.exports.getResult (D:\aagusc\fe_env\vendor\nodejs\node_modules\mockservice\src\core.js:183:23)
    at Object.exports.serve (D:\aagusc\fe_env\vendor\nodejs\node_modules\mockservice\src\core.js:238:26)
    at Array.0 (D:\aagusc\fe_env\vendor\nodejs\node_modules\mockservice\src\edp-extension.js:16:12)performance_GET_materialist_average
SyntaxError: Unexpected token ]
    at Module._compile (module.js:439:25)
    at Module.module.constructor._compile (D:\aagusc\fe_env\vendor\nodejs\node_modules\mockservice\node_modules\beef\src\define.js:11:25)
    at Object.Module._extensions..js (module.js:474:10)
    at Module.load (module.js:356:32)
    at Function.Module._load (module.js:312:12)
    at Module.require (module.js:364:17)
    at require (module.js:380:17)
    at Object.exports.getResponse (D:\aagusc\fe_env\vendor\nodejs\node_modules\mockservice\src\router.js:30:19)
    at Object.exports.getResult (D:\aagusc\fe_env\vendor\nodejs\node_modules\mockservice\src\core.js:183:23)
    at Object.exports.serve (D:\aagusc\fe_env\vendor\nodejs\node_modules\mockservice\src\core.js:238:26)
    at Array.0 (D:\aagusc\fe_env\vendor\nodejs\node_modules\mockservice\src\edp-extension.js:16:12)performance_GET_materialist_average
SyntaxError: Unexpected token ]
    at Module._compile (module.js:439:25)
    at Module.module.constructor._compile (D:\aagusc\fe_env\vendor\nodejs\node_modules\mockservice\node_modules\beef\src\define.js:11:25)
    at Object.Module._extensions..js (module.js:474:10)
    at Module.load (module.js:356:32)
    at Function.Module._load (module.js:312:12)
    at Module.require (module.js:364:17)
    at require (module.js:380:17)
    at Object.exports.getResponse (D:\aagusc\fe_env\vendor\nodejs\node_modules\mockservice\src\router.js:30:19)
    at Object.exports.getResult (D:\aagusc\fe_env\vendor\nodejs\node_modules\mockservice\src\core.js:183:23)
    at Object.exports.serve (D:\aagusc\fe_env\vendor\nodejs\node_modules\mockservice\src\core.js:238:26)
    at Array.0 (D:\aagusc\fe_env\vendor\nodejs\node_modules\mockservice\src\edp-extension.js:16:12)performance_GET_materialist_average
SyntaxError: Unexpected token ]
    at Module._compile (module.js:439:25)
    at Module.module.constructor._compile (D:\aagusc\fe_env\vendor\nodejs\node_modules\mockservice\node_modules\beef\src\define.js:11:25)
    at Object.Module._extensions..js (module.js:474:10)
    at Module.load (module.js:356:32)
    at Function.Module._load (module.js:312:12)
    at Module.require (module.js:364:17)
    at require (module.js:380:17)
    at Object.exports.getResponse (D:\aagusc\fe_env\vendor\nodejs\node_modules\mockservice\src\router.js:30:19)
    at Object.exports.getResult (D:\aagusc\fe_env\vendor\nodejs\node_modules\mockservice\src\core.js:183:23)
    at Object.exports.serve (D:\aagusc\fe_env\vendor\nodejs\node_modules\mockservice\src\core.js:238:26)
    at Array.0 (D:\aagusc\fe_env\vendor\nodejs\node_modules\mockservice\src\edp-extension.js:16:12)performance_GET_materialist_average
TypeError: Cannot read property 'daynum' of undefined
    at module.exports (D:\aagusc\fc-fe\git\fcfelog\debug\response\performance\performance_GET_materialist_average.js:17:28)
    at Object.exports.getResult (D:\aagusc\fe_env\vendor\nodejs\node_modules\mockservice\src\core.js:186:22)
    at Object.exports.serve (D:\aagusc\fe_env\vendor\nodejs\node_modules\mockservice\src\core.js:238:26)
    at Array.0 (D:\aagusc\fe_env\vendor\nodejs\node_modules\mockservice\src\edp-extension.js:16:12)
    at nextHandler (C:\Users\gushouchuang\AppData\Roaming\npm\node_modules\edp-webserver\lib\handler.js:68:34)
    at process (C:\Users\gushouchuang\AppData\Roaming\npm\node_modules\edp-webserver\lib\handler.js:59:5)
    at Object.handle (C:\Users\gushouchuang\AppData\Roaming\npm\node_modules\edp-webserver\lib\handler.js:19:9)
    at next (C:\Users\gushouchuang\AppData\Roaming\npm\node_modules\edp-webserver\node_modules\connect\lib\proto.js:174:15)
    at Route.process (C:\Users\gushouchuang\AppData\Roaming\npm\node_modules\edp-webserver\lib\route.js:138:5)
    at Object.handle (C:\Users\gushouchuang\AppData\Roaming\npm\node_modules\edp-webserver\lib\route.js:16:15)
    at next (C:\Users\gushouchuang\AppData\Roaming\npm\node_modules\edp-webserver\node_modules\connect\lib\proto.js:174:15)performance_GET_materialist_average
TypeError: Cannot read property 'daynum' of undefined
    at module.exports (D:\aagusc\fc-fe\git\fcfelog\debug\response\performance\performance_GET_materialist_average.js:17:28)
    at Object.exports.getResult (D:\aagusc\fe_env\vendor\nodejs\node_modules\mockservice\src\core.js:186:22)
    at Object.exports.serve (D:\aagusc\fe_env\vendor\nodejs\node_modules\mockservice\src\core.js:238:26)
    at Array.0 (D:\aagusc\fe_env\vendor\nodejs\node_modules\mockservice\src\edp-extension.js:16:12)
    at nextHandler (C:\Users\gushouchuang\AppData\Roaming\npm\node_modules\edp-webserver\lib\handler.js:68:34)
    at process (C:\Users\gushouchuang\AppData\Roaming\npm\node_modules\edp-webserver\lib\handler.js:59:5)
    at Object.handle (C:\Users\gushouchuang\AppData\Roaming\npm\node_modules\edp-webserver\lib\handler.js:19:9)
    at next (C:\Users\gushouchuang\AppData\Roaming\npm\node_modules\edp-webserver\node_modules\connect\lib\proto.js:174:15)
    at Route.process (C:\Users\gushouchuang\AppData\Roaming\npm\node_modules\edp-webserver\lib\route.js:138:5)
    at Object.handle (C:\Users\gushouchuang\AppData\Roaming\npm\node_modules\edp-webserver\lib\route.js:16:15)
    at next (C:\Users\gushouchuang\AppData\Roaming\npm\node_modules\edp-webserver\node_modules\connect\lib\proto.js:174:15)performance_GET_materialist_average
TypeError: Cannot read property 'daynum' of undefined
    at module.exports (D:\aagusc\fc-fe\git\fcfelog\debug\response\performance\performance_GET_materialist_average.js:17:28)
    at Object.exports.getResult (D:\aagusc\fe_env\vendor\nodejs\node_modules\mockservice\src\core.js:186:22)
    at Object.exports.serve (D:\aagusc\fe_env\vendor\nodejs\node_modules\mockservice\src\core.js:238:26)
    at Array.0 (D:\aagusc\fe_env\vendor\nodejs\node_modules\mockservice\src\edp-extension.js:16:12)
    at nextHandler (C:\Users\gushouchuang\AppData\Roaming\npm\node_modules\edp-webserver\lib\handler.js:68:34)
    at process (C:\Users\gushouchuang\AppData\Roaming\npm\node_modules\edp-webserver\lib\handler.js:59:5)
    at Object.handle (C:\Users\gushouchuang\AppData\Roaming\npm\node_modules\edp-webserver\lib\handler.js:19:9)
    at next (C:\Users\gushouchuang\AppData\Roaming\npm\node_modules\edp-webserver\node_modules\connect\lib\proto.js:174:15)
    at Route.process (C:\Users\gushouchuang\AppData\Roaming\npm\node_modules\edp-webserver\lib\route.js:138:5)
    at Object.handle (C:\Users\gushouchuang\AppData\Roaming\npm\node_modules\edp-webserver\lib\route.js:16:15)
    at next (C:\Users\gushouchuang\AppData\Roaming\npm\node_modules\edp-webserver\node_modules\connect\lib\proto.js:174:15)performance_GET_materialist_average
TypeError: Cannot read property 'daynum' of undefined
    at module.exports (D:\aagusc\fc-fe\git\fcfelog\debug\response\performance\performance_GET_materialist_average.js:17:28)
    at Object.exports.getResult (D:\aagusc\fe_env\vendor\nodejs\node_modules\mockservice\src\core.js:186:22)
    at Object.exports.serve (D:\aagusc\fe_env\vendor\nodejs\node_modules\mockservice\src\core.js:238:26)
    at Array.0 (D:\aagusc\fe_env\vendor\nodejs\node_modules\mockservice\src\edp-extension.js:16:12)
    at nextHandler (C:\Users\gushouchuang\AppData\Roaming\npm\node_modules\edp-webserver\lib\handler.js:68:34)
    at process (C:\Users\gushouchuang\AppData\Roaming\npm\node_modules\edp-webserver\lib\handler.js:59:5)
    at Object.handle (C:\Users\gushouchuang\AppData\Roaming\npm\node_modules\edp-webserver\lib\handler.js:19:9)
    at next (C:\Users\gushouchuang\AppData\Roaming\npm\node_modules\edp-webserver\node_modules\connect\lib\proto.js:174:15)
    at Route.process (C:\Users\gushouchuang\AppData\Roaming\npm\node_modules\edp-webserver\lib\route.js:138:5)
    at Object.handle (C:\Users\gushouchuang\AppData\Roaming\npm\node_modules\edp-webserver\lib\route.js:16:15)
    at next (C:\Users\gushouchuang\AppData\Roaming\npm\node_modules\edp-webserver\node_modules\connect\lib\proto.js:174:15)performance_GET_materialist_average
TypeError: Cannot read property 'daynum' of undefined
    at module.exports (D:\aagusc\fc-fe\git\fcfelog\debug\response\performance\performance_GET_materialist_average.js:17:28)
    at Object.exports.getResult (D:\aagusc\fe_env\vendor\nodejs\node_modules\mockservice\src\core.js:186:22)
    at Object.exports.serve (D:\aagusc\fe_env\vendor\nodejs\node_modules\mockservice\src\core.js:238:26)
    at Array.0 (D:\aagusc\fe_env\vendor\nodejs\node_modules\mockservice\src\edp-extension.js:16:12)
    at nextHandler (C:\Users\gushouchuang\AppData\Roaming\npm\node_modules\edp-webserver\lib\handler.js:68:34)
    at process (C:\Users\gushouchuang\AppData\Roaming\npm\node_modules\edp-webserver\lib\handler.js:59:5)
    at Object.handle (C:\Users\gushouchuang\AppData\Roaming\npm\node_modules\edp-webserver\lib\handler.js:19:9)
    at next (C:\Users\gushouchuang\AppData\Roaming\npm\node_modules\edp-webserver\node_modules\connect\lib\proto.js:174:15)
    at Route.process (C:\Users\gushouchuang\AppData\Roaming\npm\node_modules\edp-webserver\lib\route.js:138:5)
    at Object.handle (C:\Users\gushouchuang\AppData\Roaming\npm\node_modules\edp-webserver\lib\route.js:16:15)performance_GET_materialist_average
TypeError: Cannot read property 'daynum' of undefined
    at module.exports (D:\aagusc\fc-fe\git\fcfelog\debug\response\performance\performance_GET_materialist_average.js:17:28)
    at Object.exports.getResult (D:\aagusc\fe_env\vendor\nodejs\node_modules\mockservice\src\core.js:186:22)
    at Object.exports.serve (D:\aagusc\fe_env\vendor\nodejs\node_modules\mockservice\src\core.js:238:26)
    at Array.0 (D:\aagusc\fe_env\vendor\nodejs\node_modules\mockservice\src\edp-extension.js:16:12)
    at nextHandler (C:\Users\gushouchuang\AppData\Roaming\npm\node_modules\edp-webserver\lib\handler.js:68:34)
    at process (C:\Users\gushouchuang\AppData\Roaming\npm\node_modules\edp-webserver\lib\handler.js:59:5)
    at Object.handle (C:\Users\gushouchuang\AppData\Roaming\npm\node_modules\edp-webserver\lib\handler.js:19:9)
    at next (C:\Users\gushouchuang\AppData\Roaming\npm\node_modules\edp-webserver\node_modules\connect\lib\proto.js:174:15)
    at Route.process (C:\Users\gushouchuang\AppData\Roaming\npm\node_modules\edp-webserver\lib\route.js:138:5)
    at Object.handle (C:\Users\gushouchuang\AppData\Roaming\npm\node_modules\edp-webserver\lib\route.js:16:15)performance_GET_materialist_average
TypeError: Cannot read property 'daynum' of undefined
    at module.exports (D:\aagusc\fc-fe\git\fcfelog\debug\response\performance\performance_GET_materialist_average.js:17:31)
    at Object.exports.getResult (D:\aagusc\fe_env\vendor\nodejs\node_modules\mockservice\src\core.js:186:22)
    at Object.exports.serve (D:\aagusc\fe_env\vendor\nodejs\node_modules\mockservice\src\core.js:238:26)
    at Array.0 (D:\aagusc\fe_env\vendor\nodejs\node_modules\mockservice\src\edp-extension.js:16:12)
    at nextHandler (C:\Users\gushouchuang\AppData\Roaming\npm\node_modules\edp-webserver\lib\handler.js:68:34)
    at process (C:\Users\gushouchuang\AppData\Roaming\npm\node_modules\edp-webserver\lib\handler.js:59:5)
    at Object.handle (C:\Users\gushouchuang\AppData\Roaming\npm\node_modules\edp-webserver\lib\handler.js:19:9)
    at next (C:\Users\gushouchuang\AppData\Roaming\npm\node_modules\edp-webserver\node_modules\connect\lib\proto.js:174:15)
    at Route.process (C:\Users\gushouchuang\AppData\Roaming\npm\node_modules\edp-webserver\lib\route.js:138:5)
    at Object.handle (C:\Users\gushouchuang\AppData\Roaming\npm\node_modules\edp-webserver\lib\route.js:16:15)performance_GET_materialist_average
TypeError: Cannot read property 'daynum' of undefined
    at module.exports (D:\aagusc\fc-fe\git\fcfelog\debug\response\performance\performance_GET_materialist_average.js:17:34)
    at Object.exports.getResult (D:\aagusc\fe_env\vendor\nodejs\node_modules\mockservice\src\core.js:186:22)
    at Object.exports.serve (D:\aagusc\fe_env\vendor\nodejs\node_modules\mockservice\src\core.js:238:26)
    at Array.0 (D:\aagusc\fe_env\vendor\nodejs\node_modules\mockservice\src\edp-extension.js:16:12)
    at nextHandler (C:\Users\gushouchuang\AppData\Roaming\npm\node_modules\edp-webserver\lib\handler.js:68:34)
    at process (C:\Users\gushouchuang\AppData\Roaming\npm\node_modules\edp-webserver\lib\handler.js:59:5)
    at Object.handle (C:\Users\gushouchuang\AppData\Roaming\npm\node_modules\edp-webserver\lib\handler.js:19:9)
    at next (C:\Users\gushouchuang\AppData\Roaming\npm\node_modules\edp-webserver\node_modules\connect\lib\proto.js:174:15)
    at Route.process (C:\Users\gushouchuang\AppData\Roaming\npm\node_modules\edp-webserver\lib\route.js:138:5)
    at Object.handle (C:\Users\gushouchuang\AppData\Roaming\npm\node_modules\edp-webserver\lib\route.js:16:15)performance_GET_materialist_average
TypeError: Cannot set property 'perName' of undefined
    at module.exports (D:\aagusc\fc-fe\git\fcfelog\debug\response\performance\performance_GET_materialist_average.js:21:35)
    at Object.exports.getResult (D:\aagusc\fe_env\vendor\nodejs\node_modules\mockservice\src\core.js:186:22)
    at Object.exports.serve (D:\aagusc\fe_env\vendor\nodejs\node_modules\mockservice\src\core.js:238:26)
    at Array.0 (D:\aagusc\fe_env\vendor\nodejs\node_modules\mockservice\src\edp-extension.js:16:12)
    at nextHandler (C:\Users\gushouchuang\AppData\Roaming\npm\node_modules\edp-webserver\lib\handler.js:68:34)
    at process (C:\Users\gushouchuang\AppData\Roaming\npm\node_modules\edp-webserver\lib\handler.js:59:5)
    at Object.handle (C:\Users\gushouchuang\AppData\Roaming\npm\node_modules\edp-webserver\lib\handler.js:19:9)
    at next (C:\Users\gushouchuang\AppData\Roaming\npm\node_modules\edp-webserver\node_modules\connect\lib\proto.js:174:15)
    at Route.process (C:\Users\gushouchuang\AppData\Roaming\npm\node_modules\edp-webserver\lib\route.js:138:5)
    at Object.handle (C:\Users\gushouchuang\AppData\Roaming\npm\node_modules\edp-webserver\lib\route.js:16:15)performance_GET_materialist_average
TypeError: Cannot set property 'perName' of undefined
    at module.exports (D:\aagusc\fc-fe\git\fcfelog\debug\response\performance\performance_GET_materialist_average.js:21:35)
    at Object.exports.getResult (D:\aagusc\fe_env\vendor\nodejs\node_modules\mockservice\src\core.js:186:22)
    at Object.exports.serve (D:\aagusc\fe_env\vendor\nodejs\node_modules\mockservice\src\core.js:238:26)
    at Array.0 (D:\aagusc\fe_env\vendor\nodejs\node_modules\mockservice\src\edp-extension.js:16:12)
    at nextHandler (C:\Users\gushouchuang\AppData\Roaming\npm\node_modules\edp-webserver\lib\handler.js:68:34)
    at process (C:\Users\gushouchuang\AppData\Roaming\npm\node_modules\edp-webserver\lib\handler.js:59:5)
    at Object.handle (C:\Users\gushouchuang\AppData\Roaming\npm\node_modules\edp-webserver\lib\handler.js:19:9)
    at next (C:\Users\gushouchuang\AppData\Roaming\npm\node_modules\edp-webserver\node_modules\connect\lib\proto.js:174:15)
    at Route.process (C:\Users\gushouchuang\AppData\Roaming\npm\node_modules\edp-webserver\lib\route.js:138:5)
    at Object.handle (C:\Users\gushouchuang\AppData\Roaming\npm\node_modules\edp-webserver\lib\route.js:16:15)
    at next (C:\Users\gushouchuang\AppData\Roaming\npm\node_modules\edp-webserver\node_modules\connect\lib\proto.js:174:15)performance_GET_materialist_average
TypeError: Cannot set property 'perName' of undefined
    at module.exports (D:\aagusc\fc-fe\git\fcfelog\debug\response\performance\performance_GET_materialist_average.js:21:35)
    at Object.exports.getResult (D:\aagusc\fe_env\vendor\nodejs\node_modules\mockservice\src\core.js:186:22)
    at Object.exports.serve (D:\aagusc\fe_env\vendor\nodejs\node_modules\mockservice\src\core.js:238:26)
    at Array.0 (D:\aagusc\fe_env\vendor\nodejs\node_modules\mockservice\src\edp-extension.js:16:12)
    at nextHandler (C:\Users\gushouchuang\AppData\Roaming\npm\node_modules\edp-webserver\lib\handler.js:68:34)
    at process (C:\Users\gushouchuang\AppData\Roaming\npm\node_modules\edp-webserver\lib\handler.js:59:5)
    at Object.handle (C:\Users\gushouchuang\AppData\Roaming\npm\node_modules\edp-webserver\lib\handler.js:19:9)
    at next (C:\Users\gushouchuang\AppData\Roaming\npm\node_modules\edp-webserver\node_modules\connect\lib\proto.js:174:15)
    at Route.process (C:\Users\gushouchuang\AppData\Roaming\npm\node_modules\edp-webserver\lib\route.js:138:5)
    at Object.handle (C:\Users\gushouchuang\AppData\Roaming\npm\node_modules\edp-webserver\lib\route.js:16:15)performance_GET_materialist_average
TypeError: Cannot set property 'perName' of undefined
    at module.exports (D:\aagusc\fc-fe\git\fcfelog\debug\response\performance\performance_GET_materialist_average.js:21:35)
    at Object.exports.getResult (D:\aagusc\fe_env\vendor\nodejs\node_modules\mockservice\src\core.js:186:22)
    at Object.exports.serve (D:\aagusc\fe_env\vendor\nodejs\node_modules\mockservice\src\core.js:238:26)
    at Array.0 (D:\aagusc\fe_env\vendor\nodejs\node_modules\mockservice\src\edp-extension.js:16:12)
    at nextHandler (C:\Users\gushouchuang\AppData\Roaming\npm\node_modules\edp-webserver\lib\handler.js:68:34)
    at process (C:\Users\gushouchuang\AppData\Roaming\npm\node_modules\edp-webserver\lib\handler.js:59:5)
    at Object.handle (C:\Users\gushouchuang\AppData\Roaming\npm\node_modules\edp-webserver\lib\handler.js:19:9)
    at next (C:\Users\gushouchuang\AppData\Roaming\npm\node_modules\edp-webserver\node_modules\connect\lib\proto.js:174:15)
    at Route.process (C:\Users\gushouchuang\AppData\Roaming\npm\node_modules\edp-webserver\lib\route.js:138:5)
    at Object.handle (C:\Users\gushouchuang\AppData\Roaming\npm\node_modules\edp-webserver\lib\route.js:16:15)performance_GET_materialist_average
TypeError: Cannot set property 'materialList' of undefined
    at module.exports (D:\aagusc\fc-fe\git\fcfelog\debug\response\performance\performance_GET_materialist_average.js:26:38)
    at Object.exports.getResult (D:\aagusc\fe_env\vendor\nodejs\node_modules\mockservice\src\core.js:186:22)
    at Object.exports.serve (D:\aagusc\fe_env\vendor\nodejs\node_modules\mockservice\src\core.js:238:26)
    at Array.0 (D:\aagusc\fe_env\vendor\nodejs\node_modules\mockservice\src\edp-extension.js:16:12)
    at nextHandler (C:\Users\gushouchuang\AppData\Roaming\npm\node_modules\edp-webserver\lib\handler.js:68:34)
    at process (C:\Users\gushouchuang\AppData\Roaming\npm\node_modules\edp-webserver\lib\handler.js:59:5)
    at Object.handle (C:\Users\gushouchuang\AppData\Roaming\npm\node_modules\edp-webserver\lib\handler.js:19:9)
    at next (C:\Users\gushouchuang\AppData\Roaming\npm\node_modules\edp-webserver\node_modules\connect\lib\proto.js:174:15)
    at Route.process (C:\Users\gushouchuang\AppData\Roaming\npm\node_modules\edp-webserver\lib\route.js:138:5)
    at Object.handle (C:\Users\gushouchuang\AppData\Roaming\npm\node_modules\edp-webserver\lib\route.js:16:15)performance_GET_materialist_average
TypeError: Cannot read property 'Tue Oct 28 2014 00:00:00 GMT+0800' of undefined
    at module.exports (D:\aagusc\fc-fe\git\fcfelog\debug\response\performance\performance_GET_materialist_average.js:27:24)
    at Object.exports.getResult (D:\aagusc\fe_env\vendor\nodejs\node_modules\mockservice\src\core.js:186:22)
    at Object.exports.serve (D:\aagusc\fe_env\vendor\nodejs\node_modules\mockservice\src\core.js:238:26)
    at Array.0 (D:\aagusc\fe_env\vendor\nodejs\node_modules\mockservice\src\edp-extension.js:16:12)
    at nextHandler (C:\Users\gushouchuang\AppData\Roaming\npm\node_modules\edp-webserver\lib\handler.js:68:34)
    at process (C:\Users\gushouchuang\AppData\Roaming\npm\node_modules\edp-webserver\lib\handler.js:59:5)
    at Object.handle (C:\Users\gushouchuang\AppData\Roaming\npm\node_modules\edp-webserver\lib\handler.js:19:9)
    at next (C:\Users\gushouchuang\AppData\Roaming\npm\node_modules\edp-webserver\node_modules\connect\lib\proto.js:174:15)
    at Route.process (C:\Users\gushouchuang\AppData\Roaming\npm\node_modules\edp-webserver\lib\route.js:138:5)
    at Object.handle (C:\Users\gushouchuang\AppData\Roaming\npm\node_modules\edp-webserver\lib\route.js:16:15)performance_GET_materialist_average
TypeError: Cannot set property 'Tue Oct 28 2014 00:00:00 GMT+0800' of undefined
    at module.exports (D:\aagusc\fc-fe\git\fcfelog\debug\response\performance\performance_GET_materialist_average.js:27:30)
    at Object.exports.getResult (D:\aagusc\fe_env\vendor\nodejs\node_modules\mockservice\src\core.js:186:22)
    at Object.exports.serve (D:\aagusc\fe_env\vendor\nodejs\node_modules\mockservice\src\core.js:238:26)
    at Array.0 (D:\aagusc\fe_env\vendor\nodejs\node_modules\mockservice\src\edp-extension.js:16:12)
    at nextHandler (C:\Users\gushouchuang\AppData\Roaming\npm\node_modules\edp-webserver\lib\handler.js:68:34)
    at process (C:\Users\gushouchuang\AppData\Roaming\npm\node_modules\edp-webserver\lib\handler.js:59:5)
    at Object.handle (C:\Users\gushouchuang\AppData\Roaming\npm\node_modules\edp-webserver\lib\handler.js:19:9)
    at next (C:\Users\gushouchuang\AppData\Roaming\npm\node_modules\edp-webserver\node_modules\connect\lib\proto.js:174:15)
    at Route.process (C:\Users\gushouchuang\AppData\Roaming\npm\node_modules\edp-webserver\lib\route.js:138:5)
    at Object.handle (C:\Users\gushouchuang\AppData\Roaming\npm\node_modules\edp-webserver\lib\route.js:16:15)performance_GET_materialist_average
TypeError: Cannot set property 'materialList' of undefined
    at module.exports (D:\aagusc\fc-fe\git\fcfelog\debug\response\performance\performance_GET_materialist_average.js:27:38)
    at Object.exports.getResult (D:\aagusc\fe_env\vendor\nodejs\node_modules\mockservice\src\core.js:186:22)
    at Object.exports.serve (D:\aagusc\fe_env\vendor\nodejs\node_modules\mockservice\src\core.js:238:26)
    at Array.0 (D:\aagusc\fe_env\vendor\nodejs\node_modules\mockservice\src\edp-extension.js:16:12)
    at nextHandler (C:\Users\gushouchuang\AppData\Roaming\npm\node_modules\edp-webserver\lib\handler.js:68:34)
    at process (C:\Users\gushouchuang\AppData\Roaming\npm\node_modules\edp-webserver\lib\handler.js:59:5)
    at Object.handle (C:\Users\gushouchuang\AppData\Roaming\npm\node_modules\edp-webserver\lib\handler.js:19:9)
    at next (C:\Users\gushouchuang\AppData\Roaming\npm\node_modules\edp-webserver\node_modules\connect\lib\proto.js:174:15)
    at Route.process (C:\Users\gushouchuang\AppData\Roaming\npm\node_modules\edp-webserver\lib\route.js:138:5)
    at Object.handle (C:\Users\gushouchuang\AppData\Roaming\npm\node_modules\edp-webserver\lib\route.js:16:15)performance_GET_materialist_average
TypeError: Cannot set property 'materialList' of undefined
    at module.exports (D:\aagusc\fc-fe\git\fcfelog\debug\response\performance\performance_GET_materialist_average.js:27:31)
    at Object.exports.getResult (D:\aagusc\fe_env\vendor\nodejs\node_modules\mockservice\src\core.js:186:22)
    at Object.exports.serve (D:\aagusc\fe_env\vendor\nodejs\node_modules\mockservice\src\core.js:238:26)
    at Array.0 (D:\aagusc\fe_env\vendor\nodejs\node_modules\mockservice\src\edp-extension.js:16:12)
    at nextHandler (C:\Users\gushouchuang\AppData\Roaming\npm\node_modules\edp-webserver\lib\handler.js:68:34)
    at process (C:\Users\gushouchuang\AppData\Roaming\npm\node_modules\edp-webserver\lib\handler.js:59:5)
    at Object.handle (C:\Users\gushouchuang\AppData\Roaming\npm\node_modules\edp-webserver\lib\handler.js:19:9)
    at next (C:\Users\gushouchuang\AppData\Roaming\npm\node_modules\edp-webserver\node_modules\connect\lib\proto.js:174:15)
    at Route.process (C:\Users\gushouchuang\AppData\Roaming\npm\node_modules\edp-webserver\lib\route.js:138:5)
    at Object.handle (C:\Users\gushouchuang\AppData\Roaming\npm\node_modules\edp-webserver\lib\route.js:16:15)performance_GET_materialist_average
TypeError: Cannot set property 'vv' of undefined
    at module.exports (D:\aagusc\fc-fe\git\fcfelog\debug\response\performance\performance_GET_materialist_average.js:27:28)
    at Object.exports.getResult (D:\aagusc\fe_env\vendor\nodejs\node_modules\mockservice\src\core.js:186:22)
    at Object.exports.serve (D:\aagusc\fe_env\vendor\nodejs\node_modules\mockservice\src\core.js:238:26)
    at Array.0 (D:\aagusc\fe_env\vendor\nodejs\node_modules\mockservice\src\edp-extension.js:16:12)
    at nextHandler (C:\Users\gushouchuang\AppData\Roaming\npm\node_modules\edp-webserver\lib\handler.js:68:34)
    at process (C:\Users\gushouchuang\AppData\Roaming\npm\node_modules\edp-webserver\lib\handler.js:59:5)
    at Object.handle (C:\Users\gushouchuang\AppData\Roaming\npm\node_modules\edp-webserver\lib\handler.js:19:9)
    at next (C:\Users\gushouchuang\AppData\Roaming\npm\node_modules\edp-webserver\node_modules\connect\lib\proto.js:174:15)
    at Route.process (C:\Users\gushouchuang\AppData\Roaming\npm\node_modules\edp-webserver\lib\route.js:138:5)
    at Object.handle (C:\Users\gushouchuang\AppData\Roaming\npm\node_modules\edp-webserver\lib\route.js:16:15)performance_GET_materialist_average
TypeError: Object 20141028 has no method 'add'
    at module.exports (D:\aagusc\fc-fe\git\fcfelog\debug\response\performance\performance_GET_materialist_average.js:32:21)
    at Object.exports.getResult (D:\aagusc\fe_env\vendor\nodejs\node_modules\mockservice\src\core.js:186:22)
    at Object.exports.serve (D:\aagusc\fe_env\vendor\nodejs\node_modules\mockservice\src\core.js:238:26)
    at Array.0 (D:\aagusc\fe_env\vendor\nodejs\node_modules\mockservice\src\edp-extension.js:16:12)
    at nextHandler (C:\Users\gushouchuang\AppData\Roaming\npm\node_modules\edp-webserver\lib\handler.js:68:34)
    at process (C:\Users\gushouchuang\AppData\Roaming\npm\node_modules\edp-webserver\lib\handler.js:59:5)
    at Object.handle (C:\Users\gushouchuang\AppData\Roaming\npm\node_modules\edp-webserver\lib\handler.js:19:9)
    at next (C:\Users\gushouchuang\AppData\Roaming\npm\node_modules\edp-webserver\node_modules\connect\lib\proto.js:174:15)
    at Route.process (C:\Users\gushouchuang\AppData\Roaming\npm\node_modules\edp-webserver\lib\route.js:138:5)
    at Object.handle (C:\Users\gushouchuang\AppData\Roaming\npm\node_modules\edp-webserver\lib\route.js:16:15)performance_GET_materialist_average
TypeError: Object 20141027 has no method 'add'
    at module.exports (D:\aagusc\fc-fe\git\fcfelog\debug\response\performance\performance_GET_materialist_average.js:32:21)
    at Object.exports.getResult (D:\aagusc\fe_env\vendor\nodejs\node_modules\mockservice\src\core.js:186:22)
    at Object.exports.serve (D:\aagusc\fe_env\vendor\nodejs\node_modules\mockservice\src\core.js:238:26)
    at Array.0 (D:\aagusc\fe_env\vendor\nodejs\node_modules\mockservice\src\edp-extension.js:16:12)
    at nextHandler (C:\Users\gushouchuang\AppData\Roaming\npm\node_modules\edp-webserver\lib\handler.js:68:34)
    at process (C:\Users\gushouchuang\AppData\Roaming\npm\node_modules\edp-webserver\lib\handler.js:59:5)
    at Object.handle (C:\Users\gushouchuang\AppData\Roaming\npm\node_modules\edp-webserver\lib\handler.js:19:9)
    at next (C:\Users\gushouchuang\AppData\Roaming\npm\node_modules\edp-webserver\node_modules\connect\lib\proto.js:174:15)
    at Route.process (C:\Users\gushouchuang\AppData\Roaming\npm\node_modules\edp-webserver\lib\route.js:138:5)
    at Object.handle (C:\Users\gushouchuang\AppData\Roaming\npm\node_modules\edp-webserver\lib\route.js:16:15)performance_GET_materialist_average
TypeError: Object 20141028 has no method 'add'
    at module.exports (D:\aagusc\fc-fe\git\fcfelog\debug\response\performance\performance_GET_materialist_average.js:34:21)
    at Object.exports.getResult (D:\aagusc\fe_env\vendor\nodejs\node_modules\mockservice\src\core.js:186:22)
    at Object.exports.serve (D:\aagusc\fe_env\vendor\nodejs\node_modules\mockservice\src\core.js:238:26)
    at Array.0 (D:\aagusc\fe_env\vendor\nodejs\node_modules\mockservice\src\edp-extension.js:16:12)
    at nextHandler (C:\Users\gushouchuang\AppData\Roaming\npm\node_modules\edp-webserver\lib\handler.js:68:34)
    at process (C:\Users\gushouchuang\AppData\Roaming\npm\node_modules\edp-webserver\lib\handler.js:59:5)
    at Object.handle (C:\Users\gushouchuang\AppData\Roaming\npm\node_modules\edp-webserver\lib\handler.js:19:9)
    at next (C:\Users\gushouchuang\AppData\Roaming\npm\node_modules\edp-webserver\node_modules\connect\lib\proto.js:174:15)
    at Route.process (C:\Users\gushouchuang\AppData\Roaming\npm\node_modules\edp-webserver\lib\route.js:138:5)
    at Object.handle (C:\Users\gushouchuang\AppData\Roaming\npm\node_modules\edp-webserver\lib\route.js:16:15)performance_GET_materialist_average
SyntaxError: Unexpected token for
    at Module._compile (module.js:439:25)
    at Module.module.constructor._compile (D:\aagusc\fe_env\vendor\nodejs\node_modules\mockservice\node_modules\beef\src\define.js:11:25)
    at Object.Module._extensions..js (module.js:474:10)
    at Module.load (module.js:356:32)
    at Function.Module._load (module.js:312:12)
    at Module.require (module.js:364:17)
    at require (module.js:380:17)
    at Object.exports.getResponse (D:\aagusc\fe_env\vendor\nodejs\node_modules\mockservice\src\router.js:30:19)
    at Object.exports.getResult (D:\aagusc\fe_env\vendor\nodejs\node_modules\mockservice\src\core.js:183:23)
    at Object.exports.serve (D:\aagusc\fe_env\vendor\nodejs\node_modules\mockservice\src\core.js:238:26)
    at Array.0 (D:\aagusc\fe_env\vendor\nodejs\node_modules\mockservice\src\edp-extension.js:16:12)performance_GET_materialist_average
TypeError: Object 20141028 has no method 'add'
    at module.exports (D:\aagusc\fc-fe\git\fcfelog\debug\response\performance\performance_GET_materialist_average.js:17:46)
    at Object.exports.getResult (D:\aagusc\fe_env\vendor\nodejs\node_modules\mockservice\src\core.js:186:22)
    at Object.exports.serve (D:\aagusc\fe_env\vendor\nodejs\node_modules\mockservice\src\core.js:238:26)
    at Array.0 (D:\aagusc\fe_env\vendor\nodejs\node_modules\mockservice\src\edp-extension.js:16:12)
    at nextHandler (C:\Users\gushouchuang\AppData\Roaming\npm\node_modules\edp-webserver\lib\handler.js:68:34)
    at process (C:\Users\gushouchuang\AppData\Roaming\npm\node_modules\edp-webserver\lib\handler.js:59:5)
    at Object.handle (C:\Users\gushouchuang\AppData\Roaming\npm\node_modules\edp-webserver\lib\handler.js:19:9)
    at next (C:\Users\gushouchuang\AppData\Roaming\npm\node_modules\edp-webserver\node_modules\connect\lib\proto.js:174:15)
    at Route.process (C:\Users\gushouchuang\AppData\Roaming\npm\node_modules\edp-webserver\lib\route.js:138:5)
    at Object.handle (C:\Users\gushouchuang\AppData\Roaming\npm\node_modules\edp-webserver\lib\route.js:16:15)performance_GET_materialist_average
TypeError: Cannot set property 'materialList' of undefined
    at module.exports (D:\aagusc\fc-fe\git\fcfelog\debug\response\performance\performance_GET_materialist_average.js:33:49)
    at Object.exports.getResult (D:\aagusc\fe_env\vendor\nodejs\node_modules\mockservice\src\core.js:186:22)
    at Object.exports.serve (D:\aagusc\fe_env\vendor\nodejs\node_modules\mockservice\src\core.js:238:26)
    at Array.0 (D:\aagusc\fe_env\vendor\nodejs\node_modules\mockservice\src\edp-extension.js:16:12)
    at nextHandler (C:\Users\gushouchuang\AppData\Roaming\npm\node_modules\edp-webserver\lib\handler.js:68:34)
    at process (C:\Users\gushouchuang\AppData\Roaming\npm\node_modules\edp-webserver\lib\handler.js:59:5)
    at Object.handle (C:\Users\gushouchuang\AppData\Roaming\npm\node_modules\edp-webserver\lib\handler.js:19:9)
    at next (C:\Users\gushouchuang\AppData\Roaming\npm\node_modules\edp-webserver\node_modules\connect\lib\proto.js:174:15)
    at Route.process (C:\Users\gushouchuang\AppData\Roaming\npm\node_modules\edp-webserver\lib\route.js:138:5)
    at Object.handle (C:\Users\gushouchuang\AppData\Roaming\npm\node_modules\edp-webserver\lib\route.js:16:15)performance_GET_materialist_average
TypeError: Cannot set property 'performance_static' of undefined
    at module.exports (D:\aagusc\fc-fe\git\fcfelog\debug\response\performance\performance_GET_materialist_average.js:66:49)
    at Object.exports.getResult (D:\aagusc\fe_env\vendor\nodejs\node_modules\mockservice\src\core.js:186:22)
    at Object.exports.serve (D:\aagusc\fe_env\vendor\nodejs\node_modules\mockservice\src\core.js:238:26)
    at Array.0 (D:\aagusc\fe_env\vendor\nodejs\node_modules\mockservice\src\edp-extension.js:16:12)
    at nextHandler (C:\Users\gushouchuang\AppData\Roaming\npm\node_modules\edp-webserver\lib\handler.js:68:34)
    at process (C:\Users\gushouchuang\AppData\Roaming\npm\node_modules\edp-webserver\lib\handler.js:59:5)
    at Object.handle (C:\Users\gushouchuang\AppData\Roaming\npm\node_modules\edp-webserver\lib\handler.js:19:9)
    at next (C:\Users\gushouchuang\AppData\Roaming\npm\node_modules\edp-webserver\node_modules\connect\lib\proto.js:174:15)
    at Route.process (C:\Users\gushouchuang\AppData\Roaming\npm\node_modules\edp-webserver\lib\route.js:138:5)
    at Object.handle (C:\Users\gushouchuang\AppData\Roaming\npm\node_modules\edp-webserver\lib\route.js:16:15)performance_GET_materialist_average
TypeError: Cannot set property 'performance_static' of undefined
    at module.exports (D:\aagusc\fc-fe\git\fcfelog\debug\response\performance\performance_GET_materialist_average.js:66:49)
    at Object.exports.getResult (D:\aagusc\fe_env\vendor\nodejs\node_modules\mockservice\src\core.js:186:22)
    at Object.exports.serve (D:\aagusc\fe_env\vendor\nodejs\node_modules\mockservice\src\core.js:238:26)
    at Array.0 (D:\aagusc\fe_env\vendor\nodejs\node_modules\mockservice\src\edp-extension.js:16:12)
    at nextHandler (C:\Users\gushouchuang\AppData\Roaming\npm\node_modules\edp-webserver\lib\handler.js:68:34)
    at process (C:\Users\gushouchuang\AppData\Roaming\npm\node_modules\edp-webserver\lib\handler.js:59:5)
    at Object.handle (C:\Users\gushouchuang\AppData\Roaming\npm\node_modules\edp-webserver\lib\handler.js:19:9)
    at next (C:\Users\gushouchuang\AppData\Roaming\npm\node_modules\edp-webserver\node_modules\connect\lib\proto.js:174:15)
    at Route.process (C:\Users\gushouchuang\AppData\Roaming\npm\node_modules\edp-webserver\lib\route.js:138:5)
    at Object.handle (C:\Users\gushouchuang\AppData\Roaming\npm\node_modules\edp-webserver\lib\route.js:16:15)performance_GET_materialist_average
TypeError: Cannot set property 'performance_static' of undefined
    at module.exports (D:\aagusc\fc-fe\git\fcfelog\debug\response\performance\performance_GET_materialist_average.js:66:49)
    at Object.exports.getResult (D:\aagusc\fe_env\vendor\nodejs\node_modules\mockservice\src\core.js:186:22)
    at Object.exports.serve (D:\aagusc\fe_env\vendor\nodejs\node_modules\mockservice\src\core.js:238:26)
    at Array.0 (D:\aagusc\fe_env\vendor\nodejs\node_modules\mockservice\src\edp-extension.js:16:12)
    at nextHandler (C:\Users\gushouchuang\AppData\Roaming\npm\node_modules\edp-webserver\lib\handler.js:68:34)
    at process (C:\Users\gushouchuang\AppData\Roaming\npm\node_modules\edp-webserver\lib\handler.js:59:5)
    at Object.handle (C:\Users\gushouchuang\AppData\Roaming\npm\node_modules\edp-webserver\lib\handler.js:19:9)
    at next (C:\Users\gushouchuang\AppData\Roaming\npm\node_modules\edp-webserver\node_modules\connect\lib\proto.js:174:15)
    at Route.process (C:\Users\gushouchuang\AppData\Roaming\npm\node_modules\edp-webserver\lib\route.js:138:5)
    at Object.handle (C:\Users\gushouchuang\AppData\Roaming\npm\node_modules\edp-webserver\lib\route.js:16:15)dashboard_GET_performance_data
SyntaxError: Unexpected token [
    at Module._compile (module.js:439:25)
    at Module.module.constructor._compile (D:\aagusc\fe_env\vendor\nodejs\node_modules\mockservice\node_modules\beef\src\define.js:11:25)
    at Object.Module._extensions..js (module.js:474:10)
    at Module.load (module.js:356:32)
    at Function.Module._load (module.js:312:12)
    at Module.require (module.js:364:17)
    at require (module.js:380:17)
    at Object.exports.getResponse (D:\aagusc\fe_env\vendor\nodejs\node_modules\mockservice\src\router.js:30:19)
    at Object.exports.getResult (D:\aagusc\fe_env\vendor\nodejs\node_modules\mockservice\src\core.js:183:23)
    at Object.exports.serve (D:\aagusc\fe_env\vendor\nodejs\node_modules\mockservice\src\core.js:238:26)dashboard_GET_performance_data
SyntaxError: Unexpected token [
    at Module._compile (module.js:439:25)
    at Module.module.constructor._compile (D:\aagusc\fe_env\vendor\nodejs\node_modules\mockservice\node_modules\beef\src\define.js:11:25)
    at Object.Module._extensions..js (module.js:474:10)
    at Module.load (module.js:356:32)
    at Function.Module._load (module.js:312:12)
    at Module.require (module.js:364:17)
    at require (module.js:380:17)
    at Object.exports.getResponse (D:\aagusc\fe_env\vendor\nodejs\node_modules\mockservice\src\router.js:30:19)
    at Object.exports.getResult (D:\aagusc\fe_env\vendor\nodejs\node_modules\mockservice\src\core.js:183:23)
    at Object.exports.serve (D:\aagusc\fe_env\vendor\nodejs\node_modules\mockservice\src\core.js:238:26)dashboard_GET_performance_data
ReferenceError: dayNum is not defined
    at module.exports (D:\aagusc\fc-fe\gittest\fcfelog\debug\response\performance\dashboard_GET_performance_data.js:78:29)
    at Object.exports.getResult (D:\aagusc\fe_env\vendor\nodejs\node_modules\mockservice\src\core.js:185:22)
    at Object.exports.serve (D:\aagusc\fe_env\vendor\nodejs\node_modules\mockservice\src\core.js:237:26)
    at Array.0 (D:\aagusc\fe_env\vendor\nodejs\node_modules\mockservice\src\edp-extension.js:17:12)
    at nextHandler (C:\Users\gushouchuang\AppData\Roaming\npm\node_modules\edp-webserver\lib\handler.js:68:34)
    at process (C:\Users\gushouchuang\AppData\Roaming\npm\node_modules\edp-webserver\lib\handler.js:59:5)
    at Object.handle (C:\Users\gushouchuang\AppData\Roaming\npm\node_modules\edp-webserver\lib\handler.js:19:9)
    at next (C:\Users\gushouchuang\AppData\Roaming\npm\node_modules\edp-webserver\node_modules\connect\lib\proto.js:174:15)
    at Route.process (C:\Users\gushouchuang\AppData\Roaming\npm\node_modules\edp-webserver\lib\route.js:138:5)
    at Object.handle (C:\Users\gushouchuang\AppData\Roaming\npm\node_modules\edp-webserver\lib\route.js:16:15)dashboard_GET_performance_data
TypeError: Cannot read property 'average' of undefined
    at module.exports (D:\aagusc\fc-fe\gittest\fcfelog\debug\response\performance\dashboard_GET_performance_data.js:80:46)
    at Object.exports.getResult (D:\aagusc\fe_env\vendor\nodejs\node_modules\mockservice\src\core.js:185:22)
    at Object.exports.serve (D:\aagusc\fe_env\vendor\nodejs\node_modules\mockservice\src\core.js:237:26)
    at Array.0 (D:\aagusc\fe_env\vendor\nodejs\node_modules\mockservice\src\edp-extension.js:17:12)
    at nextHandler (C:\Users\gushouchuang\AppData\Roaming\npm\node_modules\edp-webserver\lib\handler.js:68:34)
    at process (C:\Users\gushouchuang\AppData\Roaming\npm\node_modules\edp-webserver\lib\handler.js:59:5)
    at Object.handle (C:\Users\gushouchuang\AppData\Roaming\npm\node_modules\edp-webserver\lib\handler.js:19:9)
    at next (C:\Users\gushouchuang\AppData\Roaming\npm\node_modules\edp-webserver\node_modules\connect\lib\proto.js:174:15)
    at Route.process (C:\Users\gushouchuang\AppData\Roaming\npm\node_modules\edp-webserver\lib\route.js:138:5)
    at Object.handle (C:\Users\gushouchuang\AppData\Roaming\npm\node_modules\edp-webserver\lib\route.js:16:15)
    at next (C:\Users\gushouchuang\AppData\Roaming\npm\node_modules\edp-webserver\node_modules\connect\lib\proto.js:174:15)dashboard_GET_performance_data
TypeError: Cannot read property 'average' of undefined
    at module.exports (D:\aagusc\fc-fe\gittest\fcfelog\debug\response\performance\dashboard_GET_performance_data.js:80:45)
    at Object.exports.getResult (D:\aagusc\fe_env\vendor\nodejs\node_modules\mockservice\src\core.js:185:22)
    at Object.exports.serve (D:\aagusc\fe_env\vendor\nodejs\node_modules\mockservice\src\core.js:237:26)
    at Array.0 (D:\aagusc\fe_env\vendor\nodejs\node_modules\mockservice\src\edp-extension.js:17:12)
    at nextHandler (C:\Users\gushouchuang\AppData\Roaming\npm\node_modules\edp-webserver\lib\handler.js:68:34)
    at process (C:\Users\gushouchuang\AppData\Roaming\npm\node_modules\edp-webserver\lib\handler.js:59:5)
    at Object.handle (C:\Users\gushouchuang\AppData\Roaming\npm\node_modules\edp-webserver\lib\handler.js:19:9)
    at next (C:\Users\gushouchuang\AppData\Roaming\npm\node_modules\edp-webserver\node_modules\connect\lib\proto.js:174:15)
    at Route.process (C:\Users\gushouchuang\AppData\Roaming\npm\node_modules\edp-webserver\lib\route.js:138:5)
    at Object.handle (C:\Users\gushouchuang\AppData\Roaming\npm\node_modules\edp-webserver\lib\route.js:16:15)
    at next (C:\Users\gushouchuang\AppData\Roaming\npm\node_modules\edp-webserver\node_modules\connect\lib\proto.js:174:15)dashboard_GET_performance_data
TypeError: Cannot read property 'average' of undefined
    at module.exports (D:\aagusc\fc-fe\gittest\fcfelog\debug\response\performance\dashboard_GET_performance_data.js:80:45)
    at Object.exports.getResult (D:\aagusc\fe_env\vendor\nodejs\node_modules\mockservice\src\core.js:185:22)
    at Object.exports.serve (D:\aagusc\fe_env\vendor\nodejs\node_modules\mockservice\src\core.js:237:26)
    at Array.0 (D:\aagusc\fe_env\vendor\nodejs\node_modules\mockservice\src\edp-extension.js:17:12)
    at nextHandler (C:\Users\gushouchuang\AppData\Roaming\npm\node_modules\edp-webserver\lib\handler.js:68:34)
    at process (C:\Users\gushouchuang\AppData\Roaming\npm\node_modules\edp-webserver\lib\handler.js:59:5)
    at Object.handle (C:\Users\gushouchuang\AppData\Roaming\npm\node_modules\edp-webserver\lib\handler.js:19:9)
    at next (C:\Users\gushouchuang\AppData\Roaming\npm\node_modules\edp-webserver\node_modules\connect\lib\proto.js:174:15)
    at Route.process (C:\Users\gushouchuang\AppData\Roaming\npm\node_modules\edp-webserver\lib\route.js:138:5)
    at Object.handle (C:\Users\gushouchuang\AppData\Roaming\npm\node_modules\edp-webserver\lib\route.js:16:15)
    at next (C:\Users\gushouchuang\AppData\Roaming\npm\node_modules\edp-webserver\node_modules\connect\lib\proto.js:174:15)dashboard_GET_performance_data
TypeError: Cannot read property 'performance_aaaaa' of undefined
    at module.exports (D:\aagusc\fc-fe\gittest\fcfelog\debug\response\performance\dashboard_GET_performance_data.js:39:36)
    at Object.exports.getResult (D:\aagusc\fe_env\vendor\nodejs\node_modules\mockservice\src\core.js:185:22)
    at Object.exports.serve (D:\aagusc\fe_env\vendor\nodejs\node_modules\mockservice\src\core.js:237:26)
    at Array.0 (D:\aagusc\fe_env\vendor\nodejs\node_modules\mockservice\src\edp-extension.js:17:12)
    at nextHandler (C:\Users\gushouchuang\AppData\Roaming\npm\node_modules\edp-webserver\lib\handler.js:68:34)
    at process (C:\Users\gushouchuang\AppData\Roaming\npm\node_modules\edp-webserver\lib\handler.js:59:5)
    at Object.handle (C:\Users\gushouchuang\AppData\Roaming\npm\node_modules\edp-webserver\lib\handler.js:19:9)
    at next (C:\Users\gushouchuang\AppData\Roaming\npm\node_modules\edp-webserver\node_modules\connect\lib\proto.js:174:15)
    at Route.process (C:\Users\gushouchuang\AppData\Roaming\npm\node_modules\edp-webserver\lib\route.js:138:5)
    at Object.handle (C:\Users\gushouchuang\AppData\Roaming\npm\node_modules\edp-webserver\lib\route.js:16:15)
    at next (C:\Users\gushouchuang\AppData\Roaming\npm\node_modules\edp-webserver\node_modules\connect\lib\proto.js:174:15)dashboard_GET_performance_data
TypeError: Cannot read property 'performance_aaaaa' of undefined
    at module.exports (D:\aagusc\fc-fe\gittest\fcfelog\debug\response\performance\dashboard_GET_performance_data.js:41:31)
    at Object.exports.getResult (D:\aagusc\fe_env\vendor\nodejs\node_modules\mockservice\src\core.js:185:22)
    at Object.exports.serve (D:\aagusc\fe_env\vendor\nodejs\node_modules\mockservice\src\core.js:237:26)
    at Array.0 (D:\aagusc\fe_env\vendor\nodejs\node_modules\mockservice\src\edp-extension.js:17:12)
    at nextHandler (C:\Users\gushouchuang\AppData\Roaming\npm\node_modules\edp-webserver\lib\handler.js:68:34)
    at process (C:\Users\gushouchuang\AppData\Roaming\npm\node_modules\edp-webserver\lib\handler.js:59:5)
    at Object.handle (C:\Users\gushouchuang\AppData\Roaming\npm\node_modules\edp-webserver\lib\handler.js:19:9)
    at next (C:\Users\gushouchuang\AppData\Roaming\npm\node_modules\edp-webserver\node_modules\connect\lib\proto.js:174:15)
    at Route.process (C:\Users\gushouchuang\AppData\Roaming\npm\node_modules\edp-webserver\lib\route.js:138:5)
    at Object.handle (C:\Users\gushouchuang\AppData\Roaming\npm\node_modules\edp-webserver\lib\route.js:16:15)
    at next (C:\Users\gushouchuang\AppData\Roaming\npm\node_modules\edp-webserver\node_modules\connect\lib\proto.js:174:15)dashboard_GET_performance_data
TypeError: Cannot read property 'average' of undefined
    at module.exports (D:\aagusc\fc-fe\gittest\fcfelog\debug\response\performance\dashboard_GET_performance_data.js:38:69)
    at Object.exports.getResult (D:\aagusc\fe_env\vendor\nodejs\node_modules\mockservice\src\core.js:185:22)
    at Object.exports.serve (D:\aagusc\fe_env\vendor\nodejs\node_modules\mockservice\src\core.js:237:26)
    at Array.0 (D:\aagusc\fe_env\vendor\nodejs\node_modules\mockservice\src\edp-extension.js:17:12)
    at nextHandler (C:\Users\gushouchuang\AppData\Roaming\npm\node_modules\edp-webserver\lib\handler.js:68:34)
    at process (C:\Users\gushouchuang\AppData\Roaming\npm\node_modules\edp-webserver\lib\handler.js:59:5)
    at Object.handle (C:\Users\gushouchuang\AppData\Roaming\npm\node_modules\edp-webserver\lib\handler.js:19:9)
    at next (C:\Users\gushouchuang\AppData\Roaming\npm\node_modules\edp-webserver\node_modules\connect\lib\proto.js:174:15)
    at Route.process (C:\Users\gushouchuang\AppData\Roaming\npm\node_modules\edp-webserver\lib\route.js:138:5)
    at Object.handle (C:\Users\gushouchuang\AppData\Roaming\npm\node_modules\edp-webserver\lib\route.js:16:15)
    at next (C:\Users\gushouchuang\AppData\Roaming\npm\node_modules\edp-webserver\node_modules\connect\lib\proto.js:174:15)dashboard_GET_performance_data
TypeError: Cannot read property 'average' of undefined
    at module.exports (D:\aagusc\fc-fe\gittest\fcfelog\debug\response\performance\dashboard_GET_performance_data.js:38:69)
    at Object.exports.getResult (D:\aagusc\fe_env\vendor\nodejs\node_modules\mockservice\src\core.js:185:22)
    at Object.exports.serve (D:\aagusc\fe_env\vendor\nodejs\node_modules\mockservice\src\core.js:237:26)
    at Array.0 (D:\aagusc\fe_env\vendor\nodejs\node_modules\mockservice\src\edp-extension.js:17:12)
    at nextHandler (C:\Users\gushouchuang\AppData\Roaming\npm\node_modules\edp-webserver\lib\handler.js:68:34)
    at process (C:\Users\gushouchuang\AppData\Roaming\npm\node_modules\edp-webserver\lib\handler.js:59:5)
    at Object.handle (C:\Users\gushouchuang\AppData\Roaming\npm\node_modules\edp-webserver\lib\handler.js:19:9)
    at next (C:\Users\gushouchuang\AppData\Roaming\npm\node_modules\edp-webserver\node_modules\connect\lib\proto.js:174:15)
    at Route.process (C:\Users\gushouchuang\AppData\Roaming\npm\node_modules\edp-webserver\lib\route.js:138:5)
    at Object.handle (C:\Users\gushouchuang\AppData\Roaming\npm\node_modules\edp-webserver\lib\route.js:16:15)
    at next (C:\Users\gushouchuang\AppData\Roaming\npm\node_modules\edp-webserver\node_modules\connect\lib\proto.js:174:15)performance_GET_data
TypeError: Cannot read property 'pMax' of undefined
    at module.exports (D:\aagusc\fc-fe\gittest\fcfelog\debug\response\performance\performance_GET_data.js:22:27)
    at Object.exports.getResult (D:\aagusc\fe_env\vendor\nodejs\node_modules\mockservice\src\core.js:185:22)
    at Object.exports.serve (D:\aagusc\fe_env\vendor\nodejs\node_modules\mockservice\src\core.js:237:26)
    at Array.0 (D:\aagusc\fe_env\vendor\nodejs\node_modules\mockservice\src\edp-extension.js:17:12)
    at nextHandler (C:\Users\gushouchuang\AppData\Roaming\npm\node_modules\edp-webserver\lib\handler.js:68:34)
    at process (C:\Users\gushouchuang\AppData\Roaming\npm\node_modules\edp-webserver\lib\handler.js:59:5)
    at Object.handle (C:\Users\gushouchuang\AppData\Roaming\npm\node_modules\edp-webserver\lib\handler.js:19:9)
    at next (C:\Users\gushouchuang\AppData\Roaming\npm\node_modules\edp-webserver\node_modules\connect\lib\proto.js:174:15)
    at Route.process (C:\Users\gushouchuang\AppData\Roaming\npm\node_modules\edp-webserver\lib\route.js:138:5)
    at Object.handle (C:\Users\gushouchuang\AppData\Roaming\npm\node_modules\edp-webserver\lib\route.js:16:15)performance_GET_data
SyntaxError: Unexpected token o
    at Object.parse (native)
    at module.exports (D:\aagusc\fc-fe\gittest\fcfelog\debug\response\performance\performance_GET_data.js:20:22)
    at Object.exports.getResult (D:\aagusc\fe_env\vendor\nodejs\node_modules\mockservice\src\core.js:185:22)
    at Object.exports.serve (D:\aagusc\fe_env\vendor\nodejs\node_modules\mockservice\src\core.js:237:26)
    at Array.0 (D:\aagusc\fe_env\vendor\nodejs\node_modules\mockservice\src\edp-extension.js:17:12)
    at nextHandler (C:\Users\gushouchuang\AppData\Roaming\npm\node_modules\edp-webserver\lib\handler.js:68:34)
    at process (C:\Users\gushouchuang\AppData\Roaming\npm\node_modules\edp-webserver\lib\handler.js:59:5)
    at Object.handle (C:\Users\gushouchuang\AppData\Roaming\npm\node_modules\edp-webserver\lib\handler.js:19:9)
    at next (C:\Users\gushouchuang\AppData\Roaming\npm\node_modules\edp-webserver\node_modules\connect\lib\proto.js:174:15)
    at Route.process (C:\Users\gushouchuang\AppData\Roaming\npm\node_modules\edp-webserver\lib\route.js:138:5)performance_GET_data
SyntaxError: Unexpected token o
    at Object.parse (native)
    at module.exports (D:\aagusc\fc-fe\gittest\fcfelog\debug\response\performance\performance_GET_data.js:20:22)
    at Object.exports.getResult (D:\aagusc\fe_env\vendor\nodejs\node_modules\mockservice\src\core.js:185:22)
    at Object.exports.serve (D:\aagusc\fe_env\vendor\nodejs\node_modules\mockservice\src\core.js:237:26)
    at Array.0 (D:\aagusc\fe_env\vendor\nodejs\node_modules\mockservice\src\edp-extension.js:17:12)
    at nextHandler (C:\Users\gushouchuang\AppData\Roaming\npm\node_modules\edp-webserver\lib\handler.js:68:34)
    at process (C:\Users\gushouchuang\AppData\Roaming\npm\node_modules\edp-webserver\lib\handler.js:59:5)
    at Object.handle (C:\Users\gushouchuang\AppData\Roaming\npm\node_modules\edp-webserver\lib\handler.js:19:9)
    at next (C:\Users\gushouchuang\AppData\Roaming\npm\node_modules\edp-webserver\node_modules\connect\lib\proto.js:174:15)
    at Route.process (C:\Users\gushouchuang\AppData\Roaming\npm\node_modules\edp-webserver\lib\route.js:138:5)performance_GET_data
SyntaxError: Unexpected token o
    at Object.parse (native)
    at module.exports (D:\aagusc\fc-fe\gittest\fcfelog\debug\response\performance\performance_GET_data.js:20:22)
    at Object.exports.getResult (D:\aagusc\fe_env\vendor\nodejs\node_modules\mockservice\src\core.js:185:22)
    at Object.exports.serve (D:\aagusc\fe_env\vendor\nodejs\node_modules\mockservice\src\core.js:237:26)
    at Array.0 (D:\aagusc\fe_env\vendor\nodejs\node_modules\mockservice\src\edp-extension.js:17:12)
    at nextHandler (C:\Users\gushouchuang\AppData\Roaming\npm\node_modules\edp-webserver\lib\handler.js:68:34)
    at process (C:\Users\gushouchuang\AppData\Roaming\npm\node_modules\edp-webserver\lib\handler.js:59:5)
    at Object.handle (C:\Users\gushouchuang\AppData\Roaming\npm\node_modules\edp-webserver\lib\handler.js:19:9)
    at next (C:\Users\gushouchuang\AppData\Roaming\npm\node_modules\edp-webserver\node_modules\connect\lib\proto.js:174:15)
    at Route.process (C:\Users\gushouchuang\AppData\Roaming\npm\node_modules\edp-webserver\lib\route.js:138:5)performance_GET_data
TypeError: Converting circular structure to JSON
    at Object.stringify (native)
    at exports.packJSON (D:\aagusc\fe_env\vendor\nodejs\node_modules\mockservice\src\global-extension.js:60:17)
    at null._onTimeout (D:\aagusc\fe_env\vendor\nodejs\node_modules\mockservice\src\core.js:64:30)
    at Timer.listOnTimeout [as ontimeout] (timers.js:112:15)performance_GET_data
TypeError: Converting circular structure to JSON
    at Object.stringify (native)
    at exports.packJSON (D:\aagusc\fe_env\vendor\nodejs\node_modules\mockservice\src\global-extension.js:60:17)
    at null._onTimeout (D:\aagusc\fe_env\vendor\nodejs\node_modules\mockservice\src\core.js:64:30)
    at Timer.listOnTimeout [as ontimeout] (timers.js:112:15)performance_GET_data
TypeError: Converting circular structure to JSON
    at Object.stringify (native)
    at exports.packJSON (D:\aagusc\fe_env\vendor\nodejs\node_modules\mockservice\src\global-extension.js:60:17)
    at null._onTimeout (D:\aagusc\fe_env\vendor\nodejs\node_modules\mockservice\src\core.js:64:30)
    at Timer.listOnTimeout [as ontimeout] (timers.js:112:15)